生成启动时间为 2019/4/6 21:34:56。
     1>项目“H:\CodeTest\VS2013\ConsoleApplication1\ConsoleApplication1\ConsoleApplication1.vcxproj”在节点 2 上(Build 个目标)。
     1>ClCompile:
         D:\Microsoft Visual Studio 12.0\VC\bin\CL.exe /c /ZI /nologo /W3 /WX- /sdl /Od /Oy- /D WIN32 /D _DEBUG /D _CONSOLE /D _LIB /D _UNICODE /D UNICODE /Gm /EHsc /RTC1 /MDd /GS /fp:precise /Zc:wchar_t /Zc:forScope /Fo"Debug\\" /Fd"Debug\vc120.pdb" /Gd /TP /analyze- /errorReport:prompt "源.cpp"
         源.cpp
     1>h:\codetest\vs2013\consoleapplication1\consoleapplication1\源.cpp(7): error C2146: 语法错误: 缺少“;”(在标识符“cin”的前面)
     1>h:\codetest\vs2013\consoleapplication1\consoleapplication1\源.cpp(10): error C2065: “b”: 未声明的标识符
     1>已完成生成项目“H:\CodeTest\VS2013\ConsoleApplication1\ConsoleApplication1\ConsoleApplication1.vcxproj”(Build 个目标)的操作 - 失败。

生成失败。

已用时间 00:00:00.39
